<?xml version="1.0" encoding="UTF-8"?>
<!-- Generated by org.testng.reporters.JUnitReportReporter -->
<testsuite hostname="LAPTOP-VNJ72OJB" failures="0" tests="4" name="testjnFlag.InvocationCountFlag" time="0.034" errors="0" timestamp="2023-03-30T22:17:33 IST" skipped="0">
  <testcase classname="testjnFlag.InvocationCountFlag" name="ft" time="0.005"/>
  <system-out>
    <![CDATA[FTC executing]]>
  </system-out>
  <testcase classname="testjnFlag.InvocationCountFlag" name="ft" time="0.019"/>
  <system-out>
    <![CDATA[FTC executing]]>
  </system-out>
  <testcase classname="testjnFlag.InvocationCountFlag" name="ft" time="0.005"/>
  <system-out>
    <![CDATA[FTC executing]]>
  </system-out>
  <testcase classname="testjnFlag.InvocationCountFlag" name="ft" time="0.005"/>
  <system-out>
    <![CDATA[FTC executing]]>
  </system-out>
</testsuite> <!-- testjnFlag.InvocationCountFlag -->
