<?xml version="1.0" encoding="UTF-8"?>
<!-- Generated by org.testng.reporters.JUnitReportReporter -->
<testsuite hostname="LAPTOP-VNJ72OJB" failures="0" tests="3" name="testNGPackage1.TestNGAnnotations" time="0.067" errors="0" timestamp="2023-04-12T19:31:04 IST" skipped="0">
  <testcase classname="testNGPackage1.TestNGAnnotations" name="kapil" time="0.011"/>
  <system-out>
    <![CDATA[kapil is voilent killer]]>
  </system-out>
  <testcase classname="testNGPackage1.TestNGAnnotations" name="f" time="0.043"/>
  <system-out>
    <![CDATA[method f will get executed ]]>
  </system-out>
  <testcase classname="testNGPackage1.TestNGAnnotations" name="shree" time="0.013"/>
  <system-out>
    <![CDATA[shrinivas is silent Killer]]>
  </system-out>
</testsuite> <!-- testNGPackage1.TestNGAnnotations -->
