<?xml version="1.0" encoding="UTF-8"?>
<!-- Generated by org.testng.reporters.JUnitReportReporter -->
<testsuite hostname="LAPTOP-VNJ72OJB" failures="0" tests="3" name="testjnFlag.Flag3" time="0.026" errors="0" timestamp="2023-03-30T22:10:56 IST" skipped="0">
  <testcase classname="testjnFlag.Flag3" name="login" time="0.020"/>
  <system-out>
    <![CDATA[Loggied in]]>
  </system-out>
  <testcase classname="testjnFlag.Flag3" name="createUser" time="0.003"/>
  <system-out>
    <![CDATA[User created ]]>
  </system-out>
  <testcase classname="testjnFlag.Flag3" name="logOut" time="0.003"/>
  <system-out>
    <![CDATA[Logged Out]]>
  </system-out>
</testsuite> <!-- testjnFlag.Flag3 -->
