<?xml version="1.0" encoding="UTF-8"?>
<!-- Generated by org.testng.reporters.JUnitReportReporter -->
<testsuite hostname="LAPTOP-VNJ72OJB" failures="0" tests="3" name="testNGAnnotation.TestAnnotation" time="0.044" errors="0" timestamp="2023-04-09T13:37:10 IST" skipped="0">
  <testcase classname="testNGAnnotation.TestAnnotation" name="s1" time="0.006"/>
  <system-out>
    <![CDATA[Test Case2]]>
  </system-out>
  <testcase classname="testNGAnnotation.TestAnnotation" name="f" time="0.030"/>
  <system-out>
    <![CDATA[Test Case 1]]>
  </system-out>
  <testcase classname="testNGAnnotation.TestAnnotation" name="s2" time="0.008"/>
  <system-out>
    <![CDATA[Test Case3]]>
  </system-out>
</testsuite> <!-- testNGAnnotation.TestAnnotation -->
