<?xml version="1.0" encoding="UTF-8"?>
<!-- Generated by org.testng.reporters.JUnitReportReporter -->
<testsuite hostname="LAPTOP-VNJ72OJB" failures="0" tests="3" name="testNG_Package.TestAnnotations" time="0.021" errors="0" timestamp="2023-03-27T22:20:17 IST" skipped="0">
  <testcase classname="testNG_Package.TestAnnotations" name="s1" time="0.005"/>
  <system-out>
    <![CDATA[Test Case2]]>
  </system-out>
  <testcase classname="testNG_Package.TestAnnotations" name="f" time="0.012"/>
  <system-out>
    <![CDATA[Test Case 1]]>
  </system-out>
  <testcase classname="testNG_Package.TestAnnotations" name="s2" time="0.004"/>
  <system-out>
    <![CDATA[Test Case3]]>
  </system-out>
</testsuite> <!-- testNG_Package.TestAnnotations -->
