<?xml version="1.0" encoding="UTF-8"?>
<!-- Generated by org.testng.reporters.JUnitReportReporter -->
<testsuite hostname="LAPTOP-VNJ72OJB" failures="0" tests="3" name="testNG_Package.Demo" time="0.037" errors="0" timestamp="2023-04-09T13:29:05 IST" skipped="0">
  <testcase classname="testNG_Package.Demo" name="f" time="0.024"/>
  <system-out>
    <![CDATA[sunday!!]]>
  </system-out>
  <testcase classname="testNG_Package.Demo" name="m1" time="0.002"/>
  <system-out>
    <![CDATA[sunday is funday]]>
  </system-out>
  <testcase classname="testNG_Package.Demo" name="m2" time="0.011"/>
  <system-out>
    <![CDATA[sunday is bad day]]>
  </system-out>
</testsuite> <!-- testNG_Package.Demo -->
