<?xml version="1.0" encoding="UTF-8"?>
<!-- Generated by org.testng.reporters.JUnitReportReporter -->
<testsuite hostname="LAPTOP-VNJ72OJB" failures="0" tests="3" name="testNGPackage1.Indrajeet" time="0.017" errors="0" timestamp="2023-04-12T19:20:35 IST" skipped="0">
  <testcase classname="testNGPackage1.Indrajeet" name="diploma" time="0.004"/>
  <system-out>
    <![CDATA[got 60 percent in diploma ]]>
  </system-out>
  <testcase classname="testNGPackage1.Indrajeet" name="engineering" time="0.004"/>
  <system-out>
    <![CDATA[got 62 percent in diploma ]]>
  </system-out>
  <testcase classname="testNGPackage1.Indrajeet" name="tenth" time="0.009"/>
  <system-out>
    <![CDATA[got 56 percent in 10th class]]>
  </system-out>
</testsuite> <!-- testNGPackage1.Indrajeet -->
