<?xml version="1.0" encoding="UTF-8"?>
<!-- Generated by org.testng.reporters.JUnitReportReporter -->
<testsuite hostname="LAPTOP-VNJ72OJB" failures="0" tests="2" name="testngExecution.ActiTimeValidLogin" time="70.670" errors="0" timestamp="2023-03-30T18:52:49 IST" skipped="0">
  <testcase classname="testngExecution.ActiTimeValidLogin" name="validLogin" time="26.731"/>
  <system-out/>
  <testcase classname="testngExecution.ActiTimeValidLogin" name="validLogin" time="43.939"/>
  <system-out/>
</testsuite> <!-- testngExecution.ActiTimeValidLogin -->
