<?xml version="1.0" encoding="UTF-8"?>
<!-- Generated by org.testng.reporters.JUnitReportReporter -->
<testsuite hostname="LAPTOP-VNJ72OJB" failures="0" tests="3" name="testNGPackage1.Shrinivas" time="0.013" errors="0" timestamp="2023-04-12T19:20:35 IST" skipped="0">
  <testcase classname="testNGPackage1.Shrinivas" name="tenth" time="0.004"/>
  <system-out>
    <![CDATA[got 68 percent in 10th class]]>
  </system-out>
  <testcase classname="testNGPackage1.Shrinivas" name="diploma" time="0.004"/>
  <system-out>
    <![CDATA[got 77 percent in diploma ]]>
  </system-out>
  <testcase classname="testNGPackage1.Shrinivas" name="engineering" time="0.005"/>
  <system-out>
    <![CDATA[got 75 percent in diploma ]]>
  </system-out>
</testsuite> <!-- testNGPackage1.Shrinivas -->
