<?xml version="1.0" encoding="UTF-8"?>
<!-- Generated by org.testng.reporters.JUnitReportReporter -->
<testsuite hostname="LAPTOP-VNJ72OJB" failures="0" tests="9" name="testjnFlag.ProrityFlagAssignment" time="0.079" errors="0" timestamp="2023-03-31T19:04:54 IST" skipped="0">
  <testcase classname="testjnFlag.ProrityFlagAssignment" name="a" time="0.058"/>
  <system-out>
    <![CDATA[a]]>
  </system-out>
  <testcase classname="testjnFlag.ProrityFlagAssignment" name="g" time="0.003"/>
  <system-out>
    <![CDATA[g]]>
  </system-out>
  <testcase classname="testjnFlag.ProrityFlagAssignment" name="l" time="0.002"/>
  <system-out>
    <![CDATA[l]]>
  </system-out>
  <testcase classname="testjnFlag.ProrityFlagAssignment" name="b" time="0.004"/>
  <system-out>
    <![CDATA[b]]>
  </system-out>
  <testcase classname="testjnFlag.ProrityFlagAssignment" name="k" time="0.004"/>
  <system-out>
    <![CDATA[k]]>
  </system-out>
  <testcase classname="testjnFlag.ProrityFlagAssignment" name="h" time="0.002"/>
  <system-out>
    <![CDATA[h]]>
  </system-out>
  <testcase classname="testjnFlag.ProrityFlagAssignment" name="p" time="0.003"/>
  <system-out>
    <![CDATA[p]]>
  </system-out>
  <testcase classname="testjnFlag.ProrityFlagAssignment" name="z" time="0.002"/>
  <system-out>
    <![CDATA[z]]>
  </system-out>
  <testcase classname="testjnFlag.ProrityFlagAssignment" name="m" time="0.001"/>
  <system-out>
    <![CDATA[m]]>
  </system-out>
</testsuite> <!-- testjnFlag.ProrityFlagAssignment -->
