<?xml version="1.0" encoding="UTF-8"?>
<!-- Generated by org.testng.reporters.JUnitReportReporter -->
<testsuite hostname="LAPTOP-VNJ72OJB" failures="0" tests="2" name="testNGExecution.MethodsExe" time="0.021" errors="0" timestamp="2023-03-28T22:34:49 IST" skipped="0">
  <testcase classname="testNGExecution.MethodsExe" name="Method2" time="0.018"/>
  <system-out>
    <![CDATA[1is the threadid
method2]]>
  </system-out>
  <testcase classname="testNGExecution.MethodsExe" name="method1" time="0.003"/>
  <system-out>
    <![CDATA[1is the threadid
method1]]>
  </system-out>
</testsuite> <!-- testNGExecution.MethodsExe -->
