<?xml version="1.0" encoding="UTF-8"?>
<!-- Generated by org.testng.reporters.JUnitReportReporter -->
<testsuite hostname="LAPTOP-VNJ72OJB" failures="0" tests="3" name="testjnFlag.DependsOnMethodsFlag" time="0.023" errors="0" timestamp="2023-03-30T22:25:11 IST" skipped="0">
  <testcase classname="testjnFlag.DependsOnMethodsFlag" name="logOut" time="0.002"/>
  <system-out>
    <![CDATA[Logged Out]]>
  </system-out>
  <testcase classname="testjnFlag.DependsOnMethodsFlag" name="createUser" time="0.002"/>
  <system-out>
    <![CDATA[User created ]]>
  </system-out>
  <testcase classname="testjnFlag.DependsOnMethodsFlag" name="login" time="0.019"/>
  <system-out>
    <![CDATA[Logged in]]>
  </system-out>
</testsuite> <!-- testjnFlag.DependsOnMethodsFlag -->
