<?xml version="1.0" encoding="UTF-8"?>
<!-- Generated by org.testng.reporters.JUnitReportReporter -->
<testsuite hostname="LAPTOP-VNJ72OJB" failures="0" tests="3" name="testNG_Package.Demo3" time="0.034" errors="0" timestamp="2023-04-09T13:29:05 IST" skipped="0">
  <testcase classname="testNG_Package.Demo3" name="e2" time="0.005"/>
  <system-out>
    <![CDATA[ram navmi]]>
  </system-out>
  <testcase classname="testNG_Package.Demo3" name="e1" time="0.004"/>
  <system-out>
    <![CDATA[hare krishna hare vram ]]>
  </system-out>
  <testcase classname="testNG_Package.Demo3" name="e" time="0.025"/>
  <system-out>
    <![CDATA[om nama shivaay ]]>
  </system-out>
</testsuite> <!-- testNG_Package.Demo3 -->
