<?xml version="1.0" encoding="UTF-8"?>
<!-- Generated by org.testng.reporters.JUnitReportReporter -->
<testsuite hostname="LAPTOP-VNJ72OJB" failures="0" tests="1" name="testngExecution.TestngClass2" time="59.331" errors="0" timestamp="2023-04-09T13:33:36 IST" skipped="0">
  <testcase classname="testngExecution.TestngClass2" name="search2" time="59.331"/>
  <system-out/>
</testsuite> <!-- testngExecution.TestngClass2 -->
