<?xml version="1.0" encoding="UTF-8"?>
<!-- Generated by org.testng.reporters.JUnitReportReporter -->
<testsuite hostname="LAPTOP-VNJ72OJB" failures="0" tests="3" name="testjnFlag.EnabledFlag" time="0.024" errors="0" timestamp="2023-03-31T21:58:01 IST" skipped="1">
  <testcase classname="testjnFlag.EnabledFlag" name="logout" time="0.004"/>
  <system-out>
    <![CDATA[Logout Method]]>
  </system-out>
  <testcase classname="testjnFlag.EnabledFlag" name="login" time="0.020"/>
  <system-out>
    <![CDATA[Login Method]]>
  </system-out>
  <testcase classname="testjnFlag.EnabledFlag" name="usercreate">
    <skipped/>
  </testcase> <!-- usercreate -->
  <system-out/>
</testsuite> <!-- testjnFlag.EnabledFlag -->
