<?xml version="1.0" encoding="UTF-8"?>
<!-- Generated by org.testng.reporters.JUnitReportReporter -->
<testsuite hostname="LAPTOP-VNJ72OJB" failures="0" tests="2" name="testjnFlag.DescriptionFlag" time="0.023" errors="0" timestamp="2023-03-30T22:02:22 IST" skipped="0">
  <testcase classname="testjnFlag.DescriptionFlag" name="search1" time="0.019"/>
  <system-out>
    <![CDATA[SQL search]]>
  </system-out>
  <testcase classname="testjnFlag.DescriptionFlag" name="search2" time="0.004"/>
  <system-out>
    <![CDATA[java search]]>
  </system-out>
</testsuite> <!-- testjnFlag.DescriptionFlag -->
