<?xml version="1.0" encoding="UTF-8"?>
<!-- Generated by org.testng.reporters.JUnitReportReporter -->
<testsuite hostname="LAPTOP-VNJ72OJB" failures="0" tests="12" name="testjnFlag.GroupExecution" time="0.040" errors="0" timestamp="2023-03-30T19:36:23 IST" skipped="0">
  <testcase classname="testjnFlag.GroupExecution" name="st5" time="0.006"/>
  <system-out>
    <![CDATA[STC5 is Executed]]>
  </system-out>
  <testcase classname="testjnFlag.GroupExecution" name="it1" time="0.017"/>
  <system-out>
    <![CDATA[FTC1 is executed]]>
  </system-out>
  <testcase classname="testjnFlag.GroupExecution" name="st2" time="0.002"/>
  <system-out>
    <![CDATA[STC2 is Executed]]>
  </system-out>
  <testcase classname="testjnFlag.GroupExecution" name="st6" time="0.003"/>
  <system-out>
    <![CDATA[STC6 is Executed]]>
  </system-out>
  <testcase classname="testjnFlag.GroupExecution" name="it3" time="0.002"/>
  <system-out>
    <![CDATA[FTC3 is executed]]>
  </system-out>
  <testcase classname="testjnFlag.GroupExecution" name="st3" time="0.000"/>
  <system-out>
    <![CDATA[STC3 is Executed]]>
  </system-out>
  <testcase classname="testjnFlag.GroupExecution" name="it2" time="0.001"/>
  <system-out>
    <![CDATA[FTC2 is executed]]>
  </system-out>
  <testcase classname="testjnFlag.GroupExecution" name="it4" time="0.002"/>
  <system-out>
    <![CDATA[FTC4 is executed]]>
  </system-out>
  <testcase classname="testjnFlag.GroupExecution" name="st1" time="0.001"/>
  <system-out>
    <![CDATA[STC1 is Executed]]>
  </system-out>
  <testcase classname="testjnFlag.GroupExecution" name="st4" time="0.001"/>
  <system-out>
    <![CDATA[STC4 is Executed]]>
  </system-out>
  <testcase classname="testjnFlag.GroupExecution" name="it5" time="0.003"/>
  <system-out>
    <![CDATA[FTC5 is executed]]>
  </system-out>
  <testcase classname="testjnFlag.GroupExecution" name="it6" time="0.002"/>
  <system-out>
    <![CDATA[FTC6 is executed]]>
  </system-out>
</testsuite> <!-- testjnFlag.GroupExecution -->
