<?xml version="1.0" encoding="UTF-8"?>
<!-- Generated by org.testng.reporters.JUnitReportReporter -->
<testsuite hostname="LAPTOP-VNJ72OJB" failures="0" tests="3" name="testNGAnnotation.GoogleTestCase" time="93.231" errors="0" timestamp="2023-04-09T13:23:48 IST" skipped="0">
  <testcase classname="testNGAnnotation.GoogleTestCase" name="search1" time="30.696"/>
  <system-out/>
  <testcase classname="testNGAnnotation.GoogleTestCase" name="search3" time="25.287"/>
  <system-out/>
  <testcase classname="testNGAnnotation.GoogleTestCase" name="search2" time="37.248"/>
  <system-out/>
</testsuite> <!-- testNGAnnotation.GoogleTestCase -->
